<testsuites id="" name="" tests="1" failures="1" skipped="0" errors="0" time="14.005021999999999">
<testsuite name="formulario.spec.js" timestamp="2025-08-11T12:04:09.373Z" hostname="chromium" tests="1" failures="1" skipped="0" time="11.259" errors="0">
<testcase name="Pruebas de DemoQA › Seleccionar Radio Button" classname="formulario.spec.js" time="11.259">
<failure message="formulario.spec.js:49:9 Seleccionar Radio Button" type="FAILURE">
<![CDATA[  [chromium] › formulario.spec.js:49:9 › Pruebas de DemoQA › Seleccionar Radio Button ──────────────

    Error: Timed out 5000ms waiting for expect(locator).toContainText(expected)

    Locator: locator('#text-success')
    Expected string: "Yes"
    Received: <element(s) not found>
    Call log:
      - Expect "toContainText" with timeout 5000ms
      - waiting for locator('#text-success')


       at ../pages/TestUtils.js:13

      11 |     for (const item of expectedItems) {
      12 |       console.info('Información:', text);
    > 13 |       await expect(page.locator('#text-success')).toContainText(item);
         |                                                   ^
      14 |     }
      15 |     
      16 |     // Verificar que hay exactamente la cantidad correcta de elementos
        at verifyResultsDisplay (/Users/juan/Documents/PlayWright/pages/TestUtils.js:13:51)
        at /Users/juan/Documents/PlayWright/tests/formulario.spec.js:73:5

    attachment #1: screenshot (image/png) ──────────────────────────────────────────────────────────
    ../test-results/formulario-Pruebas-de-DemoQA-Seleccionar-Radio-Button-chromium/test-failed-1.png
    ────────────────────────────────────────────────────────────────────────────────────────────────

    attachment #2: video (video/webm) ──────────────────────────────────────────────────────────────
    ../test-results/formulario-Pruebas-de-DemoQA-Seleccionar-Radio-Button-chromium/video.webm
    ────────────────────────────────────────────────────────────────────────────────────────────────

    Error Context: ../test-results/formulario-Pruebas-de-DemoQA-Seleccionar-Radio-Button-chromium/error-context.md

    attachment #4: trace (application/zip) ─────────────────────────────────────────────────────────
    ../test-results/formulario-Pruebas-de-DemoQA-Seleccionar-Radio-Button-chromium/trace.zip
    Usage:

        npx playwright show-trace ../test-results/formulario-Pruebas-de-DemoQA-Seleccionar-Radio-Button-chromium/trace.zip

    ────────────────────────────────────────────────────────────────────────────────────────────────
]]>
</failure>
<system-out>
<![CDATA[Esperado:  ["Yes"]
Resultado:  []
¿Coinciden? [33mfalse[39m
Información: []

[[ATTACHMENT|test-results/formulario-Pruebas-de-DemoQA-Seleccionar-Radio-Button-chromium/test-failed-1.png]]

[[ATTACHMENT|test-results/formulario-Pruebas-de-DemoQA-Seleccionar-Radio-Button-chromium/video.webm]]

[[ATTACHMENT|test-results/formulario-Pruebas-de-DemoQA-Seleccionar-Radio-Button-chromium/error-context.md]]

[[ATTACHMENT|test-results/formulario-Pruebas-de-DemoQA-Seleccionar-Radio-Button-chromium/trace.zip]]
]]>
</system-out>
</testcase>
</testsuite>
</testsuites>