<testsuites id="" name="" tests="1" failures="0" skipped="0" errors="0" time="16.869476">
<testsuite name="formulario.spec.js" timestamp="2025-08-13T11:00:06.347Z" hostname="chromium" tests="1" failures="0" skipped="0" time="13.09" errors="0">
<testcase name="Pruebas de DemoQA â€º Alerts" classname="formulario.spec.js" time="13.09">
<system-out>
<![CDATA[
[[ATTACHMENT|test-results/formulario-Pruebas-de-DemoQA-Alerts-chromium/trace.zip]]
]]>
</system-out>
</testcase>
</testsuite>
</testsuites>